<?xml version="1.0" encoding="UTF-8"?>
<!-- Generated by org.testng.reporters.JUnitReportReporter -->
<testsuite skipped="0" hostname="Praveen" name="testCases.LoginTestCase" tests="1" failures="0" timestamp="16 Nov 2023 13:19:16 GMT" time="20.912" errors="0">
  <testcase name="logincheck" time="20.912" classname="testCases.LoginTestCase"/>
</testsuite> <!-- testCases.LoginTestCase -->
