<?xml version="1.0" encoding="UTF-8"?>
<!-- Generated by org.testng.reporters.JUnitReportReporter -->
<testsuite skipped="0" hostname="Praveen" name="testCases.LoginTestCaseUsingPF" tests="1" failures="0" timestamp="16 Nov 2023 14:06:31 GMT" time="14.976" errors="0">
  <testcase name="logincheck" time="14.976" classname="testCases.LoginTestCaseUsingPF"/>
</testsuite> <!-- testCases.LoginTestCaseUsingPF -->
