<?xml version="1.0" encoding="UTF-8"?>
<!-- Generated by org.testng.reporters.JUnitReportReporter -->
<testsuite skipped="0" hostname="Praveen" name="testCases.UpdateTestCaseUsingPF" tests="1" failures="0" timestamp="16 Nov 2023 14:17:23 GMT" time="28.629" errors="0">
  <testcase name="logincheck" time="28.629" classname="testCases.UpdateTestCaseUsingPF"/>
</testsuite> <!-- testCases.UpdateTestCaseUsingPF -->
