<?xml version="1.0" encoding="UTF-8"?>
<!-- Generated by org.testng.reporters.JUnitReportReporter -->
<testsuite skipped="0" hostname="Praveen" name="testCases.UpdateTestCase" tests="1" failures="0" timestamp="16 Nov 2023 13:31:57 GMT" time="31.656" errors="0">
  <testcase name="logincheck" time="31.656" classname="testCases.UpdateTestCase"/>
</testsuite> <!-- testCases.UpdateTestCase -->
